c:\users\bryson.au\documents\visual studio 2013\projects\pathfinding\pathfinding\debug\vc120.pdb
c:\users\bryson.au\documents\visual studio 2013\projects\pathfinding\pathfinding\debug\vc120.idb
c:\users\bryson.au\documents\visual studio 2013\projects\pathfinding\pathfinding\debug\main.obj
c:\users\bryson.au\documents\visual studio 2013\projects\pathfinding\debug\pathfinding.pdb
c:\users\bryson.au\documents\visual studio 2013\projects\pathfinding\pathfinding\debug\pathfinding.tlog\cl.command.1.tlog
c:\users\bryson.au\documents\visual studio 2013\projects\pathfinding\pathfinding\debug\pathfinding.tlog\cl.read.1.tlog
c:\users\bryson.au\documents\visual studio 2013\projects\pathfinding\pathfinding\debug\pathfinding.tlog\cl.write.1.tlog
c:\users\bryson.au\documents\visual studio 2013\projects\pathfinding\pathfinding\debug\pathfinding.tlog\link-cvtres.read.1.tlog
c:\users\bryson.au\documents\visual studio 2013\projects\pathfinding\pathfinding\debug\pathfinding.tlog\link-cvtres.write.1.tlog
c:\users\bryson.au\documents\visual studio 2013\projects\pathfinding\pathfinding\debug\pathfinding.tlog\link-rc.read.1.tlog
c:\users\bryson.au\documents\visual studio 2013\projects\pathfinding\pathfinding\debug\pathfinding.tlog\link-rc.write.1.tlog
c:\users\bryson.au\documents\visual studio 2013\projects\pathfinding\pathfinding\debug\pathfinding.tlog\link.4236-cvtres.read.1.tlog
c:\users\bryson.au\documents\visual studio 2013\projects\pathfinding\pathfinding\debug\pathfinding.tlog\link.4236-cvtres.write.1.tlog
c:\users\bryson.au\documents\visual studio 2013\projects\pathfinding\pathfinding\debug\pathfinding.tlog\link.4236-rc.read.1.tlog
c:\users\bryson.au\documents\visual studio 2013\projects\pathfinding\pathfinding\debug\pathfinding.tlog\link.4236-rc.write.1.tlog
c:\users\bryson.au\documents\visual studio 2013\projects\pathfinding\pathfinding\debug\pathfinding.tlog\link.4236.read.1.tlog
c:\users\bryson.au\documents\visual studio 2013\projects\pathfinding\pathfinding\debug\pathfinding.tlog\link.4236.write.1.tlog
c:\users\bryson.au\documents\visual studio 2013\projects\pathfinding\pathfinding\debug\pathfinding.tlog\link.command.1.tlog
c:\users\bryson.au\documents\visual studio 2013\projects\pathfinding\pathfinding\debug\pathfinding.tlog\link.read.1.tlog
c:\users\bryson.au\documents\visual studio 2013\projects\pathfinding\pathfinding\debug\pathfinding.tlog\link.write.1.tlog
